2023-09-13 14:02:51 - PHP Warning:  Array to string conversion in C:\Server\OSPanel\domains\coffee\system\storage\cache\template\3b\3bbfc2f5a3b0836c322ce548be088e1036e88b07dca2260064071b70d9ee8498.php on line 73
2023-09-13 14:02:51 - PHP Warning:  Array to string conversion in C:\Server\OSPanel\domains\coffee\system\storage\cache\template\3b\3bbfc2f5a3b0836c322ce548be088e1036e88b07dca2260064071b70d9ee8498.php on line 73
2023-09-13 14:02:51 - PHP Warning:  Array to string conversion in C:\Server\OSPanel\domains\coffee\system\storage\cache\template\3b\3bbfc2f5a3b0836c322ce548be088e1036e88b07dca2260064071b70d9ee8498.php on line 73
2023-09-13 14:03:08 - PHP Warning:  Array to string conversion in C:\Server\OSPanel\domains\coffee\system\storage\cache\template\62\62744e442f595974ba050d9fcd251e571446e1ad9dc2eaac1119893b74983fed.php on line 40
2023-09-13 14:08:16 - PHP Warning:  Array to string conversion in C:\Server\OSPanel\domains\coffee\system\storage\cache\template\d8\d8357c820bae4ad2e62831998d3552571241b9f197d637f724c1369246889834.php on line 45
2023-09-13 14:08:16 - PHP Warning:  Array to string conversion in C:\Server\OSPanel\domains\coffee\system\storage\cache\template\d8\d8357c820bae4ad2e62831998d3552571241b9f197d637f724c1369246889834.php on line 45
2023-09-13 14:08:16 - PHP Warning:  Array to string conversion in C:\Server\OSPanel\domains\coffee\system\storage\cache\template\d8\d8357c820bae4ad2e62831998d3552571241b9f197d637f724c1369246889834.php on line 45
2023-09-13 14:08:50 - PHP Warning:  Array to string conversion in C:\Server\OSPanel\domains\coffee\system\storage\cache\template\5c\5cd80b37fa520536cc9b59b1ddb6e8ba55cc7aed67eb766ad56864ff1464db59.php on line 73
2023-09-13 14:08:50 - PHP Warning:  Array to string conversion in C:\Server\OSPanel\domains\coffee\system\storage\cache\template\5c\5cd80b37fa520536cc9b59b1ddb6e8ba55cc7aed67eb766ad56864ff1464db59.php on line 73
2023-09-13 14:08:50 - PHP Warning:  Array to string conversion in C:\Server\OSPanel\domains\coffee\system\storage\cache\template\5c\5cd80b37fa520536cc9b59b1ddb6e8ba55cc7aed67eb766ad56864ff1464db59.php on line 73
2023-09-14 11:58:02 - PHP Unknown:  Required parameter $store_id follows optional parameter $product_ids in C:\Server\OSPanel\domains\coffee\admin\model\extension\advertise\google.php on line 341
2023-09-14 11:58:02 - PHP Unknown:  Required parameter $store_id follows optional parameter $data in C:\Server\OSPanel\domains\coffee\admin\model\extension\advertise\google.php on line 413
2023-09-14 14:24:50 - PHP Unknown:  Required parameter $store_id follows optional parameter $product_ids in C:\Server\OSPanel\domains\coffee\admin\model\extension\advertise\google.php on line 341
2023-09-14 14:24:50 - PHP Unknown:  Required parameter $store_id follows optional parameter $data in C:\Server\OSPanel\domains\coffee\admin\model\extension\advertise\google.php on line 413
2023-09-14 14:24:50 - PHP Warning:  googleshopping\Googleshopping::integer(): Argument #1 ($product_id) must be passed by reference, value given in C:\Server\OSPanel\domains\coffee\system\library\googleshopping\googleshopping.php on line 583
2023-09-14 14:24:50 - PHP Warning:  googleshopping\Googleshopping::integer(): Argument #1 ($product_id) must be passed by reference, value given in C:\Server\OSPanel\domains\coffee\system\library\googleshopping\googleshopping.php on line 583
2023-09-14 14:24:50 - PHP Warning:  googleshopping\Googleshopping::integer(): Argument #1 ($product_id) must be passed by reference, value given in C:\Server\OSPanel\domains\coffee\system\library\googleshopping\googleshopping.php on line 583
2023-09-14 14:24:50 - PHP Warning:  googleshopping\Googleshopping::integer(): Argument #1 ($product_id) must be passed by reference, value given in C:\Server\OSPanel\domains\coffee\system\library\googleshopping\googleshopping.php on line 583
2023-09-14 14:24:50 - PHP Warning:  googleshopping\Googleshopping::integer(): Argument #1 ($product_id) must be passed by reference, value given in C:\Server\OSPanel\domains\coffee\system\library\googleshopping\googleshopping.php on line 583
2023-09-14 14:24:50 - PHP Warning:  googleshopping\Googleshopping::integer(): Argument #1 ($product_id) must be passed by reference, value given in C:\Server\OSPanel\domains\coffee\system\library\googleshopping\googleshopping.php on line 583
2023-09-14 14:24:50 - PHP Warning:  googleshopping\Googleshopping::integer(): Argument #1 ($product_id) must be passed by reference, value given in C:\Server\OSPanel\domains\coffee\system\library\googleshopping\googleshopping.php on line 583
2023-09-14 14:24:50 - PHP Warning:  googleshopping\Googleshopping::integer(): Argument #1 ($product_id) must be passed by reference, value given in C:\Server\OSPanel\domains\coffee\system\library\googleshopping\googleshopping.php on line 583
2023-09-14 14:24:50 - PHP Warning:  googleshopping\Googleshopping::integer(): Argument #1 ($product_id) must be passed by reference, value given in C:\Server\OSPanel\domains\coffee\system\library\googleshopping\googleshopping.php on line 583
2023-09-14 14:24:50 - PHP Warning:  googleshopping\Googleshopping::integer(): Argument #1 ($product_id) must be passed by reference, value given in C:\Server\OSPanel\domains\coffee\system\library\googleshopping\googleshopping.php on line 583
2023-09-14 14:24:50 - PHP Warning:  googleshopping\Googleshopping::integer(): Argument #1 ($product_id) must be passed by reference, value given in C:\Server\OSPanel\domains\coffee\system\library\googleshopping\googleshopping.php on line 583
2023-09-14 14:24:50 - PHP Warning:  googleshopping\Googleshopping::integer(): Argument #1 ($product_id) must be passed by reference, value given in C:\Server\OSPanel\domains\coffee\system\library\googleshopping\googleshopping.php on line 583
2023-09-14 14:24:51 - PHP Warning:  googleshopping\Googleshopping::integer(): Argument #1 ($product_id) must be passed by reference, value given in C:\Server\OSPanel\domains\coffee\system\library\googleshopping\googleshopping.php on line 583
2023-09-14 14:24:51 - PHP Warning:  googleshopping\Googleshopping::integer(): Argument #1 ($product_id) must be passed by reference, value given in C:\Server\OSPanel\domains\coffee\system\library\googleshopping\googleshopping.php on line 583
2023-09-14 14:24:51 - PHP Warning:  googleshopping\Googleshopping::integer(): Argument #1 ($product_id) must be passed by reference, value given in C:\Server\OSPanel\domains\coffee\system\library\googleshopping\googleshopping.php on line 583
2023-09-14 14:24:51 - PHP Warning:  googleshopping\Googleshopping::integer(): Argument #1 ($product_id) must be passed by reference, value given in C:\Server\OSPanel\domains\coffee\system\library\googleshopping\googleshopping.php on line 583
2023-09-14 14:24:51 - PHP Warning:  googleshopping\Googleshopping::integer(): Argument #1 ($product_id) must be passed by reference, value given in C:\Server\OSPanel\domains\coffee\system\library\googleshopping\googleshopping.php on line 583
2023-09-14 14:24:51 - PHP Warning:  googleshopping\Googleshopping::integer(): Argument #1 ($product_id) must be passed by reference, value given in C:\Server\OSPanel\domains\coffee\system\library\googleshopping\googleshopping.php on line 583
2023-09-14 14:24:51 - PHP Warning:  googleshopping\Googleshopping::integer(): Argument #1 ($product_id) must be passed by reference, value given in C:\Server\OSPanel\domains\coffee\system\library\googleshopping\googleshopping.php on line 583
2023-09-14 14:24:51 - PHP Warning:  googleshopping\Googleshopping::integer(): Argument #1 ($product_id) must be passed by reference, value given in C:\Server\OSPanel\domains\coffee\system\library\googleshopping\googleshopping.php on line 583
2023-09-14 14:24:51 - PHP Warning:  googleshopping\Googleshopping::integer(): Argument #1 ($product_id) must be passed by reference, value given in C:\Server\OSPanel\domains\coffee\system\library\googleshopping\googleshopping.php on line 583
2023-09-14 14:24:51 - PHP Warning:  googleshopping\Googleshopping::integer(): Argument #1 ($product_id) must be passed by reference, value given in C:\Server\OSPanel\domains\coffee\system\library\googleshopping\googleshopping.php on line 583
2023-09-14 14:24:51 - PHP Warning:  googleshopping\Googleshopping::integer(): Argument #1 ($product_id) must be passed by reference, value given in C:\Server\OSPanel\domains\coffee\system\library\googleshopping\googleshopping.php on line 583
2023-09-14 14:24:51 - PHP Warning:  googleshopping\Googleshopping::integer(): Argument #1 ($product_id) must be passed by reference, value given in C:\Server\OSPanel\domains\coffee\system\library\googleshopping\googleshopping.php on line 583
2023-09-14 14:24:51 - PHP Warning:  googleshopping\Googleshopping::integer(): Argument #1 ($product_id) must be passed by reference, value given in C:\Server\OSPanel\domains\coffee\system\library\googleshopping\googleshopping.php on line 583
2023-09-14 14:24:51 - PHP Warning:  googleshopping\Googleshopping::integer(): Argument #1 ($product_id) must be passed by reference, value given in C:\Server\OSPanel\domains\coffee\system\library\googleshopping\googleshopping.php on line 583
2023-09-14 14:24:51 - PHP Warning:  googleshopping\Googleshopping::integer(): Argument #1 ($product_id) must be passed by reference, value given in C:\Server\OSPanel\domains\coffee\system\library\googleshopping\googleshopping.php on line 583
2023-09-14 14:24:51 - PHP Warning:  googleshopping\Googleshopping::integer(): Argument #1 ($product_id) must be passed by reference, value given in C:\Server\OSPanel\domains\coffee\system\library\googleshopping\googleshopping.php on line 583
2023-09-14 14:24:51 - PHP Warning:  googleshopping\Googleshopping::integer(): Argument #1 ($product_id) must be passed by reference, value given in C:\Server\OSPanel\domains\coffee\system\library\googleshopping\googleshopping.php on line 583
2023-09-14 14:24:51 - PHP Warning:  googleshopping\Googleshopping::integer(): Argument #1 ($product_id) must be passed by reference, value given in C:\Server\OSPanel\domains\coffee\system\library\googleshopping\googleshopping.php on line 583
2023-09-14 14:24:51 - PHP Warning:  googleshopping\Googleshopping::integer(): Argument #1 ($product_id) must be passed by reference, value given in C:\Server\OSPanel\domains\coffee\system\library\googleshopping\googleshopping.php on line 583
2023-09-14 14:24:51 - PHP Warning:  googleshopping\Googleshopping::integer(): Argument #1 ($product_id) must be passed by reference, value given in C:\Server\OSPanel\domains\coffee\system\library\googleshopping\googleshopping.php on line 583
2023-09-14 14:24:51 - PHP Warning:  googleshopping\Googleshopping::integer(): Argument #1 ($product_id) must be passed by reference, value given in C:\Server\OSPanel\domains\coffee\system\library\googleshopping\googleshopping.php on line 583
2023-09-14 14:24:51 - PHP Warning:  googleshopping\Googleshopping::integer(): Argument #1 ($product_id) must be passed by reference, value given in C:\Server\OSPanel\domains\coffee\system\library\googleshopping\googleshopping.php on line 583
2023-09-14 14:24:51 - PHP Warning:  googleshopping\Googleshopping::integer(): Argument #1 ($product_id) must be passed by reference, value given in C:\Server\OSPanel\domains\coffee\system\library\googleshopping\googleshopping.php on line 583
2023-09-14 14:24:51 - PHP Warning:  googleshopping\Googleshopping::integer(): Argument #1 ($product_id) must be passed by reference, value given in C:\Server\OSPanel\domains\coffee\system\library\googleshopping\googleshopping.php on line 583
2023-09-14 14:24:51 - PHP Warning:  googleshopping\Googleshopping::integer(): Argument #1 ($product_id) must be passed by reference, value given in C:\Server\OSPanel\domains\coffee\system\library\googleshopping\googleshopping.php on line 583
2023-09-14 14:24:51 - PHP Warning:  googleshopping\Googleshopping::integer(): Argument #1 ($product_id) must be passed by reference, value given in C:\Server\OSPanel\domains\coffee\system\library\googleshopping\googleshopping.php on line 583
2023-09-14 14:24:51 - PHP Warning:  googleshopping\Googleshopping::integer(): Argument #1 ($product_id) must be passed by reference, value given in C:\Server\OSPanel\domains\coffee\system\library\googleshopping\googleshopping.php on line 583
2023-09-14 14:24:51 - PHP Warning:  Cannot modify header information - headers already sent by (output started at C:\Server\OSPanel\domains\coffee\admin\controller\startup\error.php:34) in C:\Server\OSPanel\domains\coffee\system\library\response.php on line 36
2023-09-14 14:24:53 - PHP Unknown:  Required parameter $store_id follows optional parameter $product_ids in C:\Server\OSPanel\domains\coffee\admin\model\extension\advertise\google.php on line 341
2023-09-14 14:24:53 - PHP Unknown:  Required parameter $store_id follows optional parameter $data in C:\Server\OSPanel\domains\coffee\admin\model\extension\advertise\google.php on line 413
2023-09-14 14:24:53 - PHP Warning:  googleshopping\Googleshopping::integer(): Argument #1 ($product_id) must be passed by reference, value given in C:\Server\OSPanel\domains\coffee\system\library\googleshopping\googleshopping.php on line 583
2023-09-14 14:24:53 - PHP Warning:  googleshopping\Googleshopping::integer(): Argument #1 ($product_id) must be passed by reference, value given in C:\Server\OSPanel\domains\coffee\system\library\googleshopping\googleshopping.php on line 583
2023-09-14 14:24:53 - PHP Warning:  googleshopping\Googleshopping::integer(): Argument #1 ($product_id) must be passed by reference, value given in C:\Server\OSPanel\domains\coffee\system\library\googleshopping\googleshopping.php on line 583
2023-09-14 14:24:53 - PHP Warning:  googleshopping\Googleshopping::integer(): Argument #1 ($product_id) must be passed by reference, value given in C:\Server\OSPanel\domains\coffee\system\library\googleshopping\googleshopping.php on line 583
2023-09-14 14:24:53 - PHP Warning:  googleshopping\Googleshopping::integer(): Argument #1 ($product_id) must be passed by reference, value given in C:\Server\OSPanel\domains\coffee\system\library\googleshopping\googleshopping.php on line 583
2023-09-14 14:24:53 - PHP Warning:  googleshopping\Googleshopping::integer(): Argument #1 ($product_id) must be passed by reference, value given in C:\Server\OSPanel\domains\coffee\system\library\googleshopping\googleshopping.php on line 583
2023-09-14 14:24:53 - PHP Warning:  googleshopping\Googleshopping::integer(): Argument #1 ($product_id) must be passed by reference, value given in C:\Server\OSPanel\domains\coffee\system\library\googleshopping\googleshopping.php on line 583
2023-09-14 14:24:53 - PHP Warning:  googleshopping\Googleshopping::integer(): Argument #1 ($product_id) must be passed by reference, value given in C:\Server\OSPanel\domains\coffee\system\library\googleshopping\googleshopping.php on line 583
2023-09-14 14:24:53 - PHP Warning:  googleshopping\Googleshopping::integer(): Argument #1 ($product_id) must be passed by reference, value given in C:\Server\OSPanel\domains\coffee\system\library\googleshopping\googleshopping.php on line 583
2023-09-14 14:24:53 - PHP Warning:  googleshopping\Googleshopping::integer(): Argument #1 ($product_id) must be passed by reference, value given in C:\Server\OSPanel\domains\coffee\system\library\googleshopping\googleshopping.php on line 583
2023-09-14 14:24:53 - PHP Warning:  googleshopping\Googleshopping::integer(): Argument #1 ($product_id) must be passed by reference, value given in C:\Server\OSPanel\domains\coffee\system\library\googleshopping\googleshopping.php on line 583
2023-09-14 14:24:53 - PHP Warning:  googleshopping\Googleshopping::integer(): Argument #1 ($product_id) must be passed by reference, value given in C:\Server\OSPanel\domains\coffee\system\library\googleshopping\googleshopping.php on line 583
2023-09-14 14:24:53 - PHP Warning:  googleshopping\Googleshopping::integer(): Argument #1 ($product_id) must be passed by reference, value given in C:\Server\OSPanel\domains\coffee\system\library\googleshopping\googleshopping.php on line 583
2023-09-14 14:24:53 - PHP Warning:  googleshopping\Googleshopping::integer(): Argument #1 ($product_id) must be passed by reference, value given in C:\Server\OSPanel\domains\coffee\system\library\googleshopping\googleshopping.php on line 583
2023-09-14 14:24:53 - PHP Warning:  googleshopping\Googleshopping::integer(): Argument #1 ($product_id) must be passed by reference, value given in C:\Server\OSPanel\domains\coffee\system\library\googleshopping\googleshopping.php on line 583
2023-09-14 14:24:53 - PHP Warning:  googleshopping\Googleshopping::integer(): Argument #1 ($product_id) must be passed by reference, value given in C:\Server\OSPanel\domains\coffee\system\library\googleshopping\googleshopping.php on line 583
2023-09-14 14:24:53 - PHP Warning:  googleshopping\Googleshopping::integer(): Argument #1 ($product_id) must be passed by reference, value given in C:\Server\OSPanel\domains\coffee\system\library\googleshopping\googleshopping.php on line 583
2023-09-14 14:24:53 - PHP Warning:  googleshopping\Googleshopping::integer(): Argument #1 ($product_id) must be passed by reference, value given in C:\Server\OSPanel\domains\coffee\system\library\googleshopping\googleshopping.php on line 583
2023-09-14 14:24:53 - PHP Warning:  googleshopping\Googleshopping::integer(): Argument #1 ($product_id) must be passed by reference, value given in C:\Server\OSPanel\domains\coffee\system\library\googleshopping\googleshopping.php on line 583
2023-09-14 14:24:53 - PHP Warning:  googleshopping\Googleshopping::integer(): Argument #1 ($product_id) must be passed by reference, value given in C:\Server\OSPanel\domains\coffee\system\library\googleshopping\googleshopping.php on line 583
2023-09-14 14:24:53 - PHP Warning:  googleshopping\Googleshopping::integer(): Argument #1 ($product_id) must be passed by reference, value given in C:\Server\OSPanel\domains\coffee\system\library\googleshopping\googleshopping.php on line 583
2023-09-14 14:24:53 - PHP Warning:  googleshopping\Googleshopping::integer(): Argument #1 ($product_id) must be passed by reference, value given in C:\Server\OSPanel\domains\coffee\system\library\googleshopping\googleshopping.php on line 583
2023-09-14 14:24:53 - PHP Warning:  googleshopping\Googleshopping::integer(): Argument #1 ($product_id) must be passed by reference, value given in C:\Server\OSPanel\domains\coffee\system\library\googleshopping\googleshopping.php on line 583
2023-09-14 14:24:53 - PHP Warning:  googleshopping\Googleshopping::integer(): Argument #1 ($product_id) must be passed by reference, value given in C:\Server\OSPanel\domains\coffee\system\library\googleshopping\googleshopping.php on line 583
2023-09-14 14:24:53 - PHP Warning:  googleshopping\Googleshopping::integer(): Argument #1 ($product_id) must be passed by reference, value given in C:\Server\OSPanel\domains\coffee\system\library\googleshopping\googleshopping.php on line 583
2023-09-14 14:24:53 - PHP Warning:  googleshopping\Googleshopping::integer(): Argument #1 ($product_id) must be passed by reference, value given in C:\Server\OSPanel\domains\coffee\system\library\googleshopping\googleshopping.php on line 583
2023-09-14 14:24:53 - PHP Warning:  googleshopping\Googleshopping::integer(): Argument #1 ($product_id) must be passed by reference, value given in C:\Server\OSPanel\domains\coffee\system\library\googleshopping\googleshopping.php on line 583
2023-09-14 14:24:54 - PHP Warning:  googleshopping\Googleshopping::integer(): Argument #1 ($product_id) must be passed by reference, value given in C:\Server\OSPanel\domains\coffee\system\library\googleshopping\googleshopping.php on line 583
2023-09-14 14:24:54 - PHP Warning:  googleshopping\Googleshopping::integer(): Argument #1 ($product_id) must be passed by reference, value given in C:\Server\OSPanel\domains\coffee\system\library\googleshopping\googleshopping.php on line 583
2023-09-14 14:24:54 - PHP Warning:  googleshopping\Googleshopping::integer(): Argument #1 ($product_id) must be passed by reference, value given in C:\Server\OSPanel\domains\coffee\system\library\googleshopping\googleshopping.php on line 583
2023-09-14 14:24:54 - PHP Warning:  googleshopping\Googleshopping::integer(): Argument #1 ($product_id) must be passed by reference, value given in C:\Server\OSPanel\domains\coffee\system\library\googleshopping\googleshopping.php on line 583
2023-09-14 14:24:54 - PHP Warning:  googleshopping\Googleshopping::integer(): Argument #1 ($product_id) must be passed by reference, value given in C:\Server\OSPanel\domains\coffee\system\library\googleshopping\googleshopping.php on line 583
2023-09-14 14:24:54 - PHP Warning:  googleshopping\Googleshopping::integer(): Argument #1 ($product_id) must be passed by reference, value given in C:\Server\OSPanel\domains\coffee\system\library\googleshopping\googleshopping.php on line 583
2023-09-14 14:24:54 - PHP Warning:  googleshopping\Googleshopping::integer(): Argument #1 ($product_id) must be passed by reference, value given in C:\Server\OSPanel\domains\coffee\system\library\googleshopping\googleshopping.php on line 583
2023-09-14 14:24:54 - PHP Warning:  googleshopping\Googleshopping::integer(): Argument #1 ($product_id) must be passed by reference, value given in C:\Server\OSPanel\domains\coffee\system\library\googleshopping\googleshopping.php on line 583
2023-09-14 14:24:54 - PHP Warning:  googleshopping\Googleshopping::integer(): Argument #1 ($product_id) must be passed by reference, value given in C:\Server\OSPanel\domains\coffee\system\library\googleshopping\googleshopping.php on line 583
2023-09-14 14:24:54 - PHP Warning:  googleshopping\Googleshopping::integer(): Argument #1 ($product_id) must be passed by reference, value given in C:\Server\OSPanel\domains\coffee\system\library\googleshopping\googleshopping.php on line 583
2023-09-14 14:24:54 - PHP Warning:  googleshopping\Googleshopping::integer(): Argument #1 ($product_id) must be passed by reference, value given in C:\Server\OSPanel\domains\coffee\system\library\googleshopping\googleshopping.php on line 583
2023-09-14 14:24:54 - PHP Warning:  googleshopping\Googleshopping::integer(): Argument #1 ($product_id) must be passed by reference, value given in C:\Server\OSPanel\domains\coffee\system\library\googleshopping\googleshopping.php on line 583
2023-09-14 14:24:54 - PHP Warning:  Cannot modify header information - headers already sent by (output started at C:\Server\OSPanel\domains\coffee\admin\controller\startup\error.php:34) in C:\Server\OSPanel\domains\coffee\system\library\response.php on line 36
2023-09-17 13:24:57 - PHP Warning:  Array to string conversion in C:\Server\OSPanel\domains\coffee\system\storage\cache\template\cf\cf66b089cd8dfb87bd2723ce4e6cb4b82d3a5e570f77bc2477cb43db43655601.php on line 195
2023-09-18 12:39:46 - PHP Warning:  Array to string conversion in C:\Server\OSPanel\domains\coffee\catalog\controller\common\header.php on line 25
2023-09-18 12:39:46 - PHP Warning:  Trying to access array offset on value of type null in C:\Server\OSPanel\domains\coffee\catalog\controller\common\header.php on line 25
2023-09-19 15:47:14 - PHP Warning:  Array to string conversion in C:\Server\OSPanel\domains\coffee\system\storage\cache\template\e3\e31dbe6705654ce90a3afeb9d24d14553690a49a48d2adad50ad1eb79f33f077.php on line 101
2023-09-19 15:47:26 - PHP Warning:  Array to string conversion in C:\Server\OSPanel\domains\coffee\system\storage\cache\template\4b\4b905e0ba4c141ebb911d8e8861e870c0012875505121b87118301c0b8928cab.php on line 101
2023-09-19 15:47:42 - PHP Warning:  Array to string conversion in C:\Server\OSPanel\domains\coffee\system\storage\cache\template\4b\4b905e0ba4c141ebb911d8e8861e870c0012875505121b87118301c0b8928cab.php on line 101
2023-09-19 17:22:10 - PHP Warning:  Undefined array key "routes" in C:\Server\OSPanel\domains\coffee\catalog\controller\common\language.php on line 24
2023-09-19 17:22:42 - PHP Warning:  Undefined array key "code" in C:\Server\OSPanel\domains\coffee\catalog\controller\common\language.php on line 24
2023-09-19 17:22:46 - PHP Warning:  Undefined array key "code" in C:\Server\OSPanel\domains\coffee\catalog\controller\common\language.php on line 24
2023-09-19 17:22:54 - PHP Warning:  Undefined array key "code" in C:\Server\OSPanel\domains\coffee\catalog\controller\common\language.php on line 24
2023-09-19 17:22:56 - PHP Warning:  Undefined array key "code" in C:\Server\OSPanel\domains\coffee\catalog\controller\common\language.php on line 24
2023-09-19 17:22:57 - PHP Warning:  Undefined array key "code" in C:\Server\OSPanel\domains\coffee\catalog\controller\common\language.php on line 24
2023-09-19 17:22:58 - PHP Warning:  Undefined array key "code" in C:\Server\OSPanel\domains\coffee\catalog\controller\common\language.php on line 24
2023-09-19 17:23:13 - PHP Warning:  Undefined array key "code" in C:\Server\OSPanel\domains\coffee\catalog\controller\common\language.php on line 24
2023-09-22 12:25:56 - PHP Warning:  Array to string conversion in C:\Server\OSPanel\domains\coffee\system\storage\cache\template\bb\bbfada7f34c67d0cbccde54421ead8a8f09764e2b33850b27efdf866470a1534.php on line 474
2023-09-26 20:06:41 - PHP Warning:  Undefined array key "email" in C:\Server\OSPanel\domains\coffee\catalog\controller\account\login.php on line 160
2023-09-26 20:06:41 - PHP Warning:  Undefined array key "email" in C:\Server\OSPanel\domains\coffee\catalog\controller\account\login.php on line 167
2023-09-26 20:06:41 - PHP Warning:  Undefined array key "email" in C:\Server\OSPanel\domains\coffee\catalog\controller\account\login.php on line 174
2023-09-26 20:06:41 - PHP Warning:  Undefined array key "email" in C:\Server\OSPanel\domains\coffee\catalog\controller\account\login.php on line 177
2023-09-26 20:06:49 - PHP Warning:  Undefined array key "email" in C:\Server\OSPanel\domains\coffee\catalog\controller\account\login.php on line 160
2023-09-26 20:06:49 - PHP Warning:  Undefined array key "email" in C:\Server\OSPanel\domains\coffee\catalog\controller\account\login.php on line 167
2023-09-27 9:18:56 - PHP Warning:  Undefined array key "email" in C:\Server\OSPanel\domains\coffee\catalog\controller\account\login.php on line 160
2023-09-27 9:18:56 - PHP Warning:  Undefined array key "email" in C:\Server\OSPanel\domains\coffee\catalog\controller\account\login.php on line 167
2023-09-27 9:18:56 - PHP Warning:  Undefined array key "email" in C:\Server\OSPanel\domains\coffee\catalog\controller\account\login.php on line 174
2023-09-27 9:18:56 - PHP Warning:  Undefined array key "email" in C:\Server\OSPanel\domains\coffee\catalog\controller\account\login.php on line 177
2023-09-27 9:19:15 - PHP Warning:  Undefined array key "email" in C:\Server\OSPanel\domains\coffee\catalog\controller\account\login.php on line 160
2023-09-27 9:19:15 - PHP Warning:  Undefined array key "email" in C:\Server\OSPanel\domains\coffee\catalog\controller\account\login.php on line 167
2023-09-27 9:19:38 - PHP Warning:  Undefined array key "email" in C:\Server\OSPanel\domains\coffee\catalog\controller\account\login.php on line 160
2023-09-27 9:19:38 - PHP Warning:  Undefined array key "email" in C:\Server\OSPanel\domains\coffee\catalog\controller\account\login.php on line 167
2023-09-27 9:22:55 - PHP Warning:  Undefined array key "email" in C:\Server\OSPanel\domains\coffee\catalog\controller\account\login.php on line 160
2023-09-27 9:22:55 - PHP Warning:  Undefined array key "email" in C:\Server\OSPanel\domains\coffee\catalog\controller\account\login.php on line 167
2023-09-27 9:24:13 - PHP Warning:  Undefined array key "email" in C:\Server\OSPanel\domains\coffee\catalog\controller\account\login.php on line 160
2023-09-27 9:24:13 - PHP Warning:  Undefined array key "email" in C:\Server\OSPanel\domains\coffee\catalog\controller\account\login.php on line 167
2023-09-27 9:25:00 - PHP Warning:  Undefined array key "email" in C:\Server\OSPanel\domains\coffee\catalog\controller\account\login.php on line 160
2023-09-27 9:25:00 - PHP Warning:  Undefined array key "email" in C:\Server\OSPanel\domains\coffee\catalog\controller\account\login.php on line 167
2023-09-27 9:31:32 - PHP Warning:  Undefined array key "email" in C:\Server\OSPanel\domains\coffee\catalog\controller\account\login.php on line 160
2023-09-27 9:31:32 - PHP Warning:  Undefined array key "email" in C:\Server\OSPanel\domains\coffee\catalog\controller\account\login.php on line 167
2023-09-27 9:36:23 - PHP Warning:  Undefined array key "email" in C:\Server\OSPanel\domains\coffee\catalog\controller\account\login.php on line 160
2023-09-27 9:36:23 - PHP Warning:  Undefined array key "email" in C:\Server\OSPanel\domains\coffee\catalog\controller\account\login.php on line 167
2023-09-30 12:36:02 - PHP Warning:  Undefined array key "confirm" in C:\Server\OSPanel\domains\coffee\catalog\controller\account\register.php on line 267
2023-09-30 12:36:33 - PHP Warning:  Undefined array key "confirm" in C:\Server\OSPanel\domains\coffee\catalog\controller\account\register.php on line 267
2023-09-30 12:47:31 - PHP Warning:  Undefined array key "confirm" in C:\Server\OSPanel\domains\coffee\catalog\controller\account\register.php on line 267
2023-09-30 12:47:41 - PHP Warning:  Undefined array key "confirm" in C:\Server\OSPanel\domains\coffee\catalog\controller\account\register.php on line 267
2023-09-30 12:49:40 - PHP Warning:  Undefined array key "confirm" in C:\Server\OSPanel\domains\coffee\catalog\controller\account\register.php on line 267
2023-09-30 12:50:06 - PHP Warning:  Undefined array key "confirm" in C:\Server\OSPanel\domains\coffee\catalog\controller\account\register.php on line 267
2023-09-30 12:50:17 - PHP Warning:  Undefined array key "confirm" in C:\Server\OSPanel\domains\coffee\catalog\controller\account\register.php on line 267
2023-10-01 15:30:41 - PHP Warning:  Array to string conversion in C:\Server\OSPanel\domains\coffee\system\storage\cache\template\22\22a2570b0d07a0515def04f691ba049c9e0236710f8c6a3f9876a5df2b420af4.php on line 118
2023-10-01 15:30:41 - PHP Warning:  Array to string conversion in C:\Server\OSPanel\domains\coffee\system\storage\cache\template\22\22a2570b0d07a0515def04f691ba049c9e0236710f8c6a3f9876a5df2b420af4.php on line 118
2023-10-01 15:30:41 - PHP Warning:  Array to string conversion in C:\Server\OSPanel\domains\coffee\system\storage\cache\template\22\22a2570b0d07a0515def04f691ba049c9e0236710f8c6a3f9876a5df2b420af4.php on line 118
2023-10-01 15:30:41 - PHP Warning:  Array to string conversion in C:\Server\OSPanel\domains\coffee\system\storage\cache\template\22\22a2570b0d07a0515def04f691ba049c9e0236710f8c6a3f9876a5df2b420af4.php on line 118
2023-10-01 15:30:41 - PHP Warning:  Array to string conversion in C:\Server\OSPanel\domains\coffee\system\storage\cache\template\22\22a2570b0d07a0515def04f691ba049c9e0236710f8c6a3f9876a5df2b420af4.php on line 118
2023-10-01 15:30:41 - PHP Warning:  Array to string conversion in C:\Server\OSPanel\domains\coffee\system\storage\cache\template\22\22a2570b0d07a0515def04f691ba049c9e0236710f8c6a3f9876a5df2b420af4.php on line 118
2023-10-01 15:30:41 - PHP Warning:  Array to string conversion in C:\Server\OSPanel\domains\coffee\system\storage\cache\template\22\22a2570b0d07a0515def04f691ba049c9e0236710f8c6a3f9876a5df2b420af4.php on line 118
2023-10-02 17:09:45 - PHP Unknown:  Required parameter $store_id follows optional parameter $product_ids in C:\Server\OSPanel\domains\coffee\admin\model\extension\advertise\google.php on line 341
2023-10-02 17:09:45 - PHP Unknown:  Required parameter $store_id follows optional parameter $data in C:\Server\OSPanel\domains\coffee\admin\model\extension\advertise\google.php on line 413
2023-10-06 17:21:35 - PHP Warning:  Undefined array key "path" in C:\Server\OSPanel\domains\coffee\catalog\controller\product\special.php on line 236
2023-10-07 19:03:35 - PHP Warning:  mysqli::__construct(): (HY000/2002): Подключение не установлено, т.к. конечный компьютер отверг запрос на подключение in C:\Server\OSPanel\domains\coffee\system\library\db\mysqli.php on line 8
2023-10-07 19:03:53 - PHP Warning:  mysqli::__construct(): (HY000/1049): Unknown database 'coffee' in C:\Server\OSPanel\domains\coffee\system\library\db\mysqli.php on line 8
2023-10-07 19:03:54 - PHP Warning:  mysqli::__construct(): (HY000/1049): Unknown database 'coffee' in C:\Server\OSPanel\domains\coffee\system\library\db\mysqli.php on line 8
2023-10-07 19:03:54 - PHP Warning:  mysqli::__construct(): (HY000/1049): Unknown database 'coffee' in C:\Server\OSPanel\domains\coffee\system\library\db\mysqli.php on line 8
2023-10-07 19:03:54 - PHP Warning:  mysqli::__construct(): (HY000/1049): Unknown database 'coffee' in C:\Server\OSPanel\domains\coffee\system\library\db\mysqli.php on line 8
2023-10-07 19:03:54 - PHP Warning:  mysqli::__construct(): (HY000/1049): Unknown database 'coffee' in C:\Server\OSPanel\domains\coffee\system\library\db\mysqli.php on line 8
2023-10-07 19:03:54 - PHP Warning:  mysqli::__construct(): (HY000/1049): Unknown database 'coffee' in C:\Server\OSPanel\domains\coffee\system\library\db\mysqli.php on line 8
2023-10-07 19:03:54 - PHP Warning:  mysqli::__construct(): (HY000/1049): Unknown database 'coffee' in C:\Server\OSPanel\domains\coffee\system\library\db\mysqli.php on line 8
2023-10-07 19:03:55 - PHP Warning:  mysqli::__construct(): (HY000/1049): Unknown database 'coffee' in C:\Server\OSPanel\domains\coffee\system\library\db\mysqli.php on line 8
2023-10-13 9:01:56 - PHP Unknown:  mysqli::real_escape_string(): Passing null to parameter #1 ($string) of type string is deprecated in C:\Server\OSPanel\domains\coffee\system\library\db\mysqli.php on line 53
2023-10-13 12:01:59 - PHP Unknown:  Automatic conversion of false to array is deprecated in C:\Server\OSPanel\domains\coffee\catalog\controller\startup\startup.php on line 103
2023-10-13 12:02:05 - PHP Unknown:  Return type of Twig\Node\Node::count() should either be compatible with Countable::count(): int, or the #[\ReturnTypeWillChange] attribute should be used to temporarily suppress the notice in C:\Server\OSPanel\domains\coffee\system\storage\vendor\twig\twig\src\Node\Node.php on line 161
2023-10-13 12:02:05 - PHP Unknown:  Return type of Twig\Node\Node::getIterator() should either be compatible with IteratorAggregate::getIterator(): Traversable, or the #[\ReturnTypeWillChange] attribute should be used to temporarily suppress the notice in C:\Server\OSPanel\domains\coffee\system\storage\vendor\twig\twig\src\Node\Node.php on line 166
2023-10-13 12:02:13 - PHP Unknown:  round(): Passing null to parameter #1 ($num) of type int|float is deprecated in C:\Server\OSPanel\domains\coffee\catalog\model\catalog\product.php on line 45
2023-10-13 12:02:13 - PHP Unknown:  round(): Passing null to parameter #1 ($num) of type int|float is deprecated in C:\Server\OSPanel\domains\coffee\catalog\model\catalog\product.php on line 45
2023-10-13 12:02:13 - PHP Unknown:  round(): Passing null to parameter #1 ($num) of type int|float is deprecated in C:\Server\OSPanel\domains\coffee\catalog\model\catalog\product.php on line 45
2023-10-13 12:02:13 - PHP Unknown:  round(): Passing null to parameter #1 ($num) of type int|float is deprecated in C:\Server\OSPanel\domains\coffee\catalog\model\catalog\product.php on line 45
2023-10-13 12:02:13 - PHP Unknown:  round(): Passing null to parameter #1 ($num) of type int|float is deprecated in C:\Server\OSPanel\domains\coffee\catalog\model\catalog\product.php on line 45
2023-10-13 12:02:13 - PHP Unknown:  round(): Passing null to parameter #1 ($num) of type int|float is deprecated in C:\Server\OSPanel\domains\coffee\catalog\model\catalog\product.php on line 45
2023-10-13 9:03:47 - PHP Unknown:  mysqli::real_escape_string(): Passing null to parameter #1 ($string) of type string is deprecated in C:\Server\OSPanel\domains\coffee\system\library\db\mysqli.php on line 53
2023-10-13 12:03:47 - PHP Unknown:  round(): Passing null to parameter #1 ($num) of type int|float is deprecated in C:\Server\OSPanel\domains\coffee\catalog\model\catalog\product.php on line 45
2023-10-13 12:03:47 - PHP Unknown:  round(): Passing null to parameter #1 ($num) of type int|float is deprecated in C:\Server\OSPanel\domains\coffee\catalog\model\catalog\product.php on line 45
2023-10-13 12:03:47 - PHP Unknown:  round(): Passing null to parameter #1 ($num) of type int|float is deprecated in C:\Server\OSPanel\domains\coffee\catalog\model\catalog\product.php on line 45
2023-10-13 12:03:47 - PHP Unknown:  round(): Passing null to parameter #1 ($num) of type int|float is deprecated in C:\Server\OSPanel\domains\coffee\catalog\model\catalog\product.php on line 45
2023-10-13 12:03:47 - PHP Unknown:  round(): Passing null to parameter #1 ($num) of type int|float is deprecated in C:\Server\OSPanel\domains\coffee\catalog\model\catalog\product.php on line 45
2023-10-13 12:03:47 - PHP Unknown:  round(): Passing null to parameter #1 ($num) of type int|float is deprecated in C:\Server\OSPanel\domains\coffee\catalog\model\catalog\product.php on line 45
2023-10-13 9:04:48 - PHP Unknown:  mysqli::real_escape_string(): Passing null to parameter #1 ($string) of type string is deprecated in C:\Server\OSPanel\domains\coffee\system\library\db\mysqli.php on line 53
2023-10-13 9:04:48 - PHP Unknown:  mysqli::real_escape_string(): Passing null to parameter #1 ($string) of type string is deprecated in C:\Server\OSPanel\domains\coffee\system\library\db\mysqli.php on line 53
2023-10-13 12:04:48 - PHP Unknown:  round(): Passing null to parameter #1 ($num) of type int|float is deprecated in C:\Server\OSPanel\domains\coffee\catalog\model\catalog\product.php on line 45
2023-10-13 12:04:48 - PHP Unknown:  round(): Passing null to parameter #1 ($num) of type int|float is deprecated in C:\Server\OSPanel\domains\coffee\catalog\model\catalog\product.php on line 45
2023-10-13 12:04:48 - PHP Unknown:  round(): Passing null to parameter #1 ($num) of type int|float is deprecated in C:\Server\OSPanel\domains\coffee\catalog\model\catalog\product.php on line 45
2023-10-13 12:04:48 - PHP Unknown:  round(): Passing null to parameter #1 ($num) of type int|float is deprecated in C:\Server\OSPanel\domains\coffee\catalog\model\catalog\product.php on line 45
2023-10-13 12:04:48 - PHP Unknown:  round(): Passing null to parameter #1 ($num) of type int|float is deprecated in C:\Server\OSPanel\domains\coffee\catalog\model\catalog\product.php on line 45
2023-10-13 12:04:48 - PHP Unknown:  round(): Passing null to parameter #1 ($num) of type int|float is deprecated in C:\Server\OSPanel\domains\coffee\catalog\model\catalog\product.php on line 45
2023-10-13 9:06:00 - PHP Unknown:  mysqli::real_escape_string(): Passing null to parameter #1 ($string) of type string is deprecated in C:\Server\OSPanel\domains\coffee\system\library\db\mysqli.php on line 53
2023-10-13 12:06:00 - PHP Unknown:  Return type of Twig\Node\Node::count() should either be compatible with Countable::count(): int, or the #[\ReturnTypeWillChange] attribute should be used to temporarily suppress the notice in C:\Server\OSPanel\domains\coffee\system\storage\vendor\twig\twig\src\Node\Node.php on line 161
2023-10-13 12:06:00 - PHP Unknown:  Return type of Twig\Node\Node::getIterator() should either be compatible with IteratorAggregate::getIterator(): Traversable, or the #[\ReturnTypeWillChange] attribute should be used to temporarily suppress the notice in C:\Server\OSPanel\domains\coffee\system\storage\vendor\twig\twig\src\Node\Node.php on line 166
2023-10-13 9:06:02 - PHP Unknown:  mysqli::real_escape_string(): Passing null to parameter #1 ($string) of type string is deprecated in C:\Server\OSPanel\domains\coffee\system\library\db\mysqli.php on line 53
2023-10-13 12:06:02 - PHP Unknown:  round(): Passing null to parameter #1 ($num) of type int|float is deprecated in C:\Server\OSPanel\domains\coffee\catalog\model\catalog\product.php on line 45
2023-10-13 12:06:02 - PHP Unknown:  round(): Passing null to parameter #1 ($num) of type int|float is deprecated in C:\Server\OSPanel\domains\coffee\catalog\model\catalog\product.php on line 45
2023-10-13 12:06:02 - PHP Unknown:  round(): Passing null to parameter #1 ($num) of type int|float is deprecated in C:\Server\OSPanel\domains\coffee\catalog\model\catalog\product.php on line 45
2023-10-13 12:06:03 - PHP Unknown:  Return type of Twig\Node\Node::count() should either be compatible with Countable::count(): int, or the #[\ReturnTypeWillChange] attribute should be used to temporarily suppress the notice in C:\Server\OSPanel\domains\coffee\system\storage\vendor\twig\twig\src\Node\Node.php on line 161
2023-10-13 12:06:03 - PHP Unknown:  Return type of Twig\Node\Node::getIterator() should either be compatible with IteratorAggregate::getIterator(): Traversable, or the #[\ReturnTypeWillChange] attribute should be used to temporarily suppress the notice in C:\Server\OSPanel\domains\coffee\system\storage\vendor\twig\twig\src\Node\Node.php on line 166
2023-10-13 9:06:14 - PHP Unknown:  mysqli::real_escape_string(): Passing null to parameter #1 ($string) of type string is deprecated in C:\Server\OSPanel\domains\coffee\system\library\db\mysqli.php on line 53
2023-10-13 12:06:14 - PHP Unknown:  round(): Passing null to parameter #1 ($num) of type int|float is deprecated in C:\Server\OSPanel\domains\coffee\catalog\model\catalog\product.php on line 45
2023-10-13 12:06:14 - PHP Unknown:  round(): Passing null to parameter #1 ($num) of type int|float is deprecated in C:\Server\OSPanel\domains\coffee\catalog\model\catalog\product.php on line 45
2023-10-13 12:06:14 - PHP Unknown:  round(): Passing null to parameter #1 ($num) of type int|float is deprecated in C:\Server\OSPanel\domains\coffee\catalog\model\catalog\product.php on line 45
2023-10-13 12:06:14 - PHP Unknown:  round(): Passing null to parameter #1 ($num) of type int|float is deprecated in C:\Server\OSPanel\domains\coffee\catalog\model\catalog\product.php on line 45
2023-10-13 12:06:14 - PHP Unknown:  round(): Passing null to parameter #1 ($num) of type int|float is deprecated in C:\Server\OSPanel\domains\coffee\catalog\model\catalog\product.php on line 45
2023-10-13 12:06:14 - PHP Unknown:  round(): Passing null to parameter #1 ($num) of type int|float is deprecated in C:\Server\OSPanel\domains\coffee\catalog\model\catalog\product.php on line 45
2023-10-13 9:06:30 - PHP Unknown:  mysqli::real_escape_string(): Passing null to parameter #1 ($string) of type string is deprecated in C:\Server\OSPanel\domains\coffee\system\library\db\mysqli.php on line 53
2023-10-13 12:06:32 - PHP Unknown:  round(): Passing null to parameter #1 ($num) of type int|float is deprecated in C:\Server\OSPanel\domains\coffee\catalog\model\catalog\product.php on line 45
2023-10-13 9:06:37 - PHP Unknown:  mysqli::real_escape_string(): Passing null to parameter #1 ($string) of type string is deprecated in C:\Server\OSPanel\domains\coffee\system\library\db\mysqli.php on line 53
2023-10-13 12:06:37 - PHP Unknown:  round(): Passing null to parameter #1 ($num) of type int|float is deprecated in C:\Server\OSPanel\domains\coffee\catalog\model\catalog\product.php on line 45
2023-10-13 9:06:50 - PHP Unknown:  mysqli::real_escape_string(): Passing null to parameter #1 ($string) of type string is deprecated in C:\Server\OSPanel\domains\coffee\system\library\db\mysqli.php on line 53
2023-10-13 12:06:50 - PHP Unknown:  Return type of Twig\Node\Node::count() should either be compatible with Countable::count(): int, or the #[\ReturnTypeWillChange] attribute should be used to temporarily suppress the notice in C:\Server\OSPanel\domains\coffee\system\storage\vendor\twig\twig\src\Node\Node.php on line 161
2023-10-13 12:06:50 - PHP Unknown:  Return type of Twig\Node\Node::getIterator() should either be compatible with IteratorAggregate::getIterator(): Traversable, or the #[\ReturnTypeWillChange] attribute should be used to temporarily suppress the notice in C:\Server\OSPanel\domains\coffee\system\storage\vendor\twig\twig\src\Node\Node.php on line 166
2023-10-13 9:06:58 - PHP Unknown:  mysqli::real_escape_string(): Passing null to parameter #1 ($string) of type string is deprecated in C:\Server\OSPanel\domains\coffee\system\library\db\mysqli.php on line 53
2023-10-13 9:07:10 - PHP Unknown:  mysqli::real_escape_string(): Passing null to parameter #1 ($string) of type string is deprecated in C:\Server\OSPanel\domains\coffee\system\library\db\mysqli.php on line 53
2023-10-13 12:07:10 - PHP Unknown:  Return type of Twig\Node\Node::count() should either be compatible with Countable::count(): int, or the #[\ReturnTypeWillChange] attribute should be used to temporarily suppress the notice in C:\Server\OSPanel\domains\coffee\system\storage\vendor\twig\twig\src\Node\Node.php on line 161
2023-10-13 12:07:10 - PHP Unknown:  Return type of Twig\Node\Node::getIterator() should either be compatible with IteratorAggregate::getIterator(): Traversable, or the #[\ReturnTypeWillChange] attribute should be used to temporarily suppress the notice in C:\Server\OSPanel\domains\coffee\system\storage\vendor\twig\twig\src\Node\Node.php on line 166
2023-10-13 9:07:18 - PHP Unknown:  mysqli::real_escape_string(): Passing null to parameter #1 ($string) of type string is deprecated in C:\Server\OSPanel\domains\coffee\system\library\db\mysqli.php on line 53
2023-10-13 9:07:19 - PHP Unknown:  mysqli::real_escape_string(): Passing null to parameter #1 ($string) of type string is deprecated in C:\Server\OSPanel\domains\coffee\system\library\db\mysqli.php on line 53
2023-10-13 12:07:21 - PHP Unknown:  Return type of Twig\Node\Node::count() should either be compatible with Countable::count(): int, or the #[\ReturnTypeWillChange] attribute should be used to temporarily suppress the notice in C:\Server\OSPanel\domains\coffee\system\storage\vendor\twig\twig\src\Node\Node.php on line 161
2023-10-13 12:07:21 - PHP Unknown:  Return type of Twig\Node\Node::getIterator() should either be compatible with IteratorAggregate::getIterator(): Traversable, or the #[\ReturnTypeWillChange] attribute should be used to temporarily suppress the notice in C:\Server\OSPanel\domains\coffee\system\storage\vendor\twig\twig\src\Node\Node.php on line 166
2023-10-13 9:07:25 - PHP Unknown:  mysqli::real_escape_string(): Passing null to parameter #1 ($string) of type string is deprecated in C:\Server\OSPanel\domains\coffee\system\library\db\mysqli.php on line 53
2023-10-13 12:07:26 - PHP Unknown:  Return type of Twig\Node\Node::count() should either be compatible with Countable::count(): int, or the #[\ReturnTypeWillChange] attribute should be used to temporarily suppress the notice in C:\Server\OSPanel\domains\coffee\system\storage\vendor\twig\twig\src\Node\Node.php on line 161
2023-10-13 12:07:26 - PHP Unknown:  Return type of Twig\Node\Node::getIterator() should either be compatible with IteratorAggregate::getIterator(): Traversable, or the #[\ReturnTypeWillChange] attribute should be used to temporarily suppress the notice in C:\Server\OSPanel\domains\coffee\system\storage\vendor\twig\twig\src\Node\Node.php on line 166
2023-10-13 9:07:32 - PHP Unknown:  mysqli::real_escape_string(): Passing null to parameter #1 ($string) of type string is deprecated in C:\Server\OSPanel\domains\coffee\system\library\db\mysqli.php on line 53
2023-10-13 9:07:39 - PHP Unknown:  mysqli::real_escape_string(): Passing null to parameter #1 ($string) of type string is deprecated in C:\Server\OSPanel\domains\coffee\system\library\db\mysqli.php on line 53
2023-10-13 12:07:39 - PHP Unknown:  round(): Passing null to parameter #1 ($num) of type int|float is deprecated in C:\Server\OSPanel\domains\coffee\catalog\model\catalog\product.php on line 45
2023-10-13 12:07:39 - PHP Unknown:  round(): Passing null to parameter #1 ($num) of type int|float is deprecated in C:\Server\OSPanel\domains\coffee\catalog\model\catalog\product.php on line 45
2023-10-13 12:07:39 - PHP Unknown:  round(): Passing null to parameter #1 ($num) of type int|float is deprecated in C:\Server\OSPanel\domains\coffee\catalog\model\catalog\product.php on line 45
2023-10-13 12:07:39 - PHP Unknown:  round(): Passing null to parameter #1 ($num) of type int|float is deprecated in C:\Server\OSPanel\domains\coffee\catalog\model\catalog\product.php on line 45
2023-10-13 12:07:39 - PHP Unknown:  round(): Passing null to parameter #1 ($num) of type int|float is deprecated in C:\Server\OSPanel\domains\coffee\catalog\model\catalog\product.php on line 45
2023-10-13 12:07:40 - PHP Unknown:  Return type of Twig\Node\Node::count() should either be compatible with Countable::count(): int, or the #[\ReturnTypeWillChange] attribute should be used to temporarily suppress the notice in C:\Server\OSPanel\domains\coffee\system\storage\vendor\twig\twig\src\Node\Node.php on line 161
2023-10-13 12:07:40 - PHP Unknown:  Return type of Twig\Node\Node::getIterator() should either be compatible with IteratorAggregate::getIterator(): Traversable, or the #[\ReturnTypeWillChange] attribute should be used to temporarily suppress the notice in C:\Server\OSPanel\domains\coffee\system\storage\vendor\twig\twig\src\Node\Node.php on line 166
2023-10-13 9:08:28 - PHP Unknown:  mysqli::real_escape_string(): Passing null to parameter #1 ($string) of type string is deprecated in C:\Server\OSPanel\domains\coffee\system\library\db\mysqli.php on line 53
2023-10-13 9:08:29 - PHP Unknown:  mysqli::real_escape_string(): Passing null to parameter #1 ($string) of type string is deprecated in C:\Server\OSPanel\domains\coffee\system\library\db\mysqli.php on line 53
2023-10-13 9:08:30 - PHP Unknown:  mysqli::real_escape_string(): Passing null to parameter #1 ($string) of type string is deprecated in C:\Server\OSPanel\domains\coffee\system\library\db\mysqli.php on line 53
2023-10-13 12:08:30 - PHP Unknown:  round(): Passing null to parameter #1 ($num) of type int|float is deprecated in C:\Server\OSPanel\domains\coffee\catalog\model\catalog\product.php on line 45
2023-10-13 12:08:30 - PHP Unknown:  round(): Passing null to parameter #1 ($num) of type int|float is deprecated in C:\Server\OSPanel\domains\coffee\catalog\model\catalog\product.php on line 45
2023-10-13 12:08:30 - PHP Unknown:  round(): Passing null to parameter #1 ($num) of type int|float is deprecated in C:\Server\OSPanel\domains\coffee\catalog\model\catalog\product.php on line 45
2023-10-13 12:08:30 - PHP Unknown:  round(): Passing null to parameter #1 ($num) of type int|float is deprecated in C:\Server\OSPanel\domains\coffee\catalog\model\catalog\product.php on line 45
2023-10-13 12:08:30 - PHP Unknown:  round(): Passing null to parameter #1 ($num) of type int|float is deprecated in C:\Server\OSPanel\domains\coffee\catalog\model\catalog\product.php on line 45
2023-10-13 12:08:30 - PHP Unknown:  round(): Passing null to parameter #1 ($num) of type int|float is deprecated in C:\Server\OSPanel\domains\coffee\catalog\model\catalog\product.php on line 45
2023-10-13 9:09:13 - PHP Unknown:  mysqli::real_escape_string(): Passing null to parameter #1 ($string) of type string is deprecated in C:\Server\OSPanel\domains\coffee\system\library\db\mysqli.php on line 53
2023-10-13 12:09:14 - PHP Unknown:  Return type of Twig\Node\Node::count() should either be compatible with Countable::count(): int, or the #[\ReturnTypeWillChange] attribute should be used to temporarily suppress the notice in C:\Server\OSPanel\domains\coffee\system\storage\vendor\twig\twig\src\Node\Node.php on line 161
2023-10-13 12:09:14 - PHP Unknown:  Return type of Twig\Node\Node::getIterator() should either be compatible with IteratorAggregate::getIterator(): Traversable, or the #[\ReturnTypeWillChange] attribute should be used to temporarily suppress the notice in C:\Server\OSPanel\domains\coffee\system\storage\vendor\twig\twig\src\Node\Node.php on line 166
2023-10-13 9:09:17 - PHP Unknown:  mysqli::real_escape_string(): Passing null to parameter #1 ($string) of type string is deprecated in C:\Server\OSPanel\domains\coffee\system\library\db\mysqli.php on line 53
2023-10-13 12:09:17 - PHP Unknown:  round(): Passing null to parameter #1 ($num) of type int|float is deprecated in C:\Server\OSPanel\domains\coffee\catalog\model\catalog\product.php on line 45
2023-10-13 12:09:17 - PHP Unknown:  round(): Passing null to parameter #1 ($num) of type int|float is deprecated in C:\Server\OSPanel\domains\coffee\catalog\model\catalog\product.php on line 45
2023-10-13 12:09:17 - PHP Unknown:  round(): Passing null to parameter #1 ($num) of type int|float is deprecated in C:\Server\OSPanel\domains\coffee\catalog\model\catalog\product.php on line 45
2023-10-13 12:09:17 - PHP Unknown:  round(): Passing null to parameter #1 ($num) of type int|float is deprecated in C:\Server\OSPanel\domains\coffee\catalog\model\catalog\product.php on line 45
2023-10-13 12:09:17 - PHP Unknown:  round(): Passing null to parameter #1 ($num) of type int|float is deprecated in C:\Server\OSPanel\domains\coffee\catalog\model\catalog\product.php on line 45
2023-10-13 12:09:17 - PHP Unknown:  round(): Passing null to parameter #1 ($num) of type int|float is deprecated in C:\Server\OSPanel\domains\coffee\catalog\model\catalog\product.php on line 45
2023-10-13 9:09:18 - PHP Unknown:  mysqli::real_escape_string(): Passing null to parameter #1 ($string) of type string is deprecated in C:\Server\OSPanel\domains\coffee\system\library\db\mysqli.php on line 53
2023-10-13 9:09:18 - PHP Unknown:  mysqli::real_escape_string(): Passing null to parameter #1 ($string) of type string is deprecated in C:\Server\OSPanel\domains\coffee\system\library\db\mysqli.php on line 53
2023-10-13 12:09:18 - PHP Unknown:  round(): Passing null to parameter #1 ($num) of type int|float is deprecated in C:\Server\OSPanel\domains\coffee\catalog\model\catalog\product.php on line 45
2023-10-13 12:09:18 - PHP Unknown:  round(): Passing null to parameter #1 ($num) of type int|float is deprecated in C:\Server\OSPanel\domains\coffee\catalog\model\catalog\product.php on line 45
2023-10-13 12:09:18 - PHP Unknown:  round(): Passing null to parameter #1 ($num) of type int|float is deprecated in C:\Server\OSPanel\domains\coffee\catalog\model\catalog\product.php on line 45
2023-10-13 12:09:18 - PHP Unknown:  round(): Passing null to parameter #1 ($num) of type int|float is deprecated in C:\Server\OSPanel\domains\coffee\catalog\model\catalog\product.php on line 45
2023-10-13 12:09:18 - PHP Unknown:  round(): Passing null to parameter #1 ($num) of type int|float is deprecated in C:\Server\OSPanel\domains\coffee\catalog\model\catalog\product.php on line 45
2023-10-13 12:09:18 - PHP Unknown:  round(): Passing null to parameter #1 ($num) of type int|float is deprecated in C:\Server\OSPanel\domains\coffee\catalog\model\catalog\product.php on line 45
2023-10-13 9:09:48 - PHP Unknown:  mysqli::real_escape_string(): Passing null to parameter #1 ($string) of type string is deprecated in C:\Server\OSPanel\domains\coffee\system\library\db\mysqli.php on line 53
2023-10-13 12:09:49 - PHP Unknown:  Return type of Twig\Node\Node::count() should either be compatible with Countable::count(): int, or the #[\ReturnTypeWillChange] attribute should be used to temporarily suppress the notice in C:\Server\OSPanel\domains\coffee\system\storage\vendor\twig\twig\src\Node\Node.php on line 161
2023-10-13 12:09:49 - PHP Unknown:  Return type of Twig\Node\Node::getIterator() should either be compatible with IteratorAggregate::getIterator(): Traversable, or the #[\ReturnTypeWillChange] attribute should be used to temporarily suppress the notice in C:\Server\OSPanel\domains\coffee\system\storage\vendor\twig\twig\src\Node\Node.php on line 166
2023-10-13 9:09:52 - PHP Unknown:  mysqli::real_escape_string(): Passing null to parameter #1 ($string) of type string is deprecated in C:\Server\OSPanel\domains\coffee\system\library\db\mysqli.php on line 53
2023-10-13 12:09:52 - PHP Unknown:  round(): Passing null to parameter #1 ($num) of type int|float is deprecated in C:\Server\OSPanel\domains\coffee\catalog\model\catalog\product.php on line 45
2023-10-13 12:09:52 - PHP Unknown:  round(): Passing null to parameter #1 ($num) of type int|float is deprecated in C:\Server\OSPanel\domains\coffee\catalog\model\catalog\product.php on line 45
2023-10-13 12:09:52 - PHP Unknown:  round(): Passing null to parameter #1 ($num) of type int|float is deprecated in C:\Server\OSPanel\domains\coffee\catalog\model\catalog\product.php on line 45
2023-10-13 12:09:52 - PHP Unknown:  Return type of Twig\Node\Node::count() should either be compatible with Countable::count(): int, or the #[\ReturnTypeWillChange] attribute should be used to temporarily suppress the notice in C:\Server\OSPanel\domains\coffee\system\storage\vendor\twig\twig\src\Node\Node.php on line 161
2023-10-13 12:09:52 - PHP Unknown:  Return type of Twig\Node\Node::getIterator() should either be compatible with IteratorAggregate::getIterator(): Traversable, or the #[\ReturnTypeWillChange] attribute should be used to temporarily suppress the notice in C:\Server\OSPanel\domains\coffee\system\storage\vendor\twig\twig\src\Node\Node.php on line 166
